android/app/build/intermediates/manifest_merge_blame_file/debug/manifest-merger-blame-debug-report.txt
1<?xml version="1.0" encoding="utf-8"?>
2<manifest xmlns:android="http://schemas.android.com/apk/res/android"
3    package="com.tcm"
4    android:versionCode="1"
5    android:versionName="1.0" >
6
7    <uses-sdk
8        android:minSdkVersion="16"
9        android:targetSdkVersion="29" />
10
11    <uses-permission android:name="android.permission.SYSTEM_ALERT_WINDOW" />
11-->src\debug\AndroidManifest.xml:5:5-77
11-->src\debug\AndroidManifest.xml:5:22-75
12    <uses-permission android:name="android.permission.INTERNET" />
12-->src\main\AndroidManifest.xml:4:5-67
12-->src\main\AndroidManifest.xml:4:22-64
13    <uses-permission android:name="android.permission.CAMERA" />
13-->src\main\AndroidManifest.xml:5:5-64
13-->src\main\AndroidManifest.xml:5:22-62
14    <uses-permission android:name="android.permission.MICROPHONE" />
14-->src\main\AndroidManifest.xml:6:5-69
14-->src\main\AndroidManifest.xml:6:22-66
15    <uses-permission android:name="android.permission.RECORD_AUDIO" />
15-->src\main\AndroidManifest.xml:7:5-70
15-->src\main\AndroidManifest.xml:7:22-68
16
17    <uses-feature
17-->src\main\AndroidManifest.xml:8:5-88
18        android:name="android.hardware.microphone"
18-->src\main\AndroidManifest.xml:8:19-61
19        android:required="true" />
19-->src\main\AndroidManifest.xml:8:62-85
20
21    <uses-permission android:name="android.permission.ACCESS_WIFI_STATE" />
21-->[com.facebook.flipper:flipper:0.54.0] AndroidManifest.xml:16:5-76
21-->[com.facebook.flipper:flipper:0.54.0] AndroidManifest.xml:16:22-73
22    <uses-permission android:name="android.permission.ACCESS_NETWORK_STATE" />
22-->[:react-native-community_netinfo] AndroidManifest.xml:9:5-79
22-->[:react-native-community_netinfo] AndroidManifest.xml:9:22-76
23    <uses-permission android:name="android.permission.WRITE_EXTERNAL_STORAGE" />
23-->[:react-native-fs] AndroidManifest.xml:11:5-81
23-->[:react-native-fs] AndroidManifest.xml:11:22-78
24
25    <application
25-->src\main\AndroidManifest.xml:13:5-32:19
26        android:name="com.tcm.MainApplication"
26-->src\main\AndroidManifest.xml:14:7-38
27        android:allowBackup="false"
27-->src\main\AndroidManifest.xml:18:7-34
28        android:appComponentFactory="androidx.core.app.CoreComponentFactory"
28-->[androidx.core:core:1.3.2] AndroidManifest.xml:24:18-86
29        android:debuggable="true"
30        android:icon="@mipmap/ic_launcher"
30-->src\main\AndroidManifest.xml:16:7-41
31        android:label="@string/app_name"
31-->src\main\AndroidManifest.xml:15:7-39
32        android:roundIcon="@mipmap/ic_launcher_round"
32-->src\main\AndroidManifest.xml:17:7-52
33        android:testOnly="true"
34        android:theme="@style/AppTheme"
34-->src\main\AndroidManifest.xml:19:7-38
35        android:usesCleartextTraffic="true" >
35-->src\debug\AndroidManifest.xml:7:18-53
36        <activity
36-->src\main\AndroidManifest.xml:20:7-30:18
37            android:name="com.tcm.MainActivity"
37-->src\main\AndroidManifest.xml:21:9-37
38            android:configChanges="keyboard|keyboardHidden|orientation|screenSize|uiMode"
38-->src\main\AndroidManifest.xml:23:9-86
39            android:label="@string/app_name"
39-->src\main\AndroidManifest.xml:22:9-41
40            android:launchMode="singleTask"
40-->src\main\AndroidManifest.xml:24:9-40
41            android:windowSoftInputMode="adjustResize" >
41-->src\main\AndroidManifest.xml:25:9-51
42            <intent-filter>
42-->src\main\AndroidManifest.xml:26:9-29:25
43                <action android:name="android.intent.action.MAIN" />
43-->src\main\AndroidManifest.xml:27:13-65
43-->src\main\AndroidManifest.xml:27:21-62
44
45                <category android:name="android.intent.category.LAUNCHER" />
45-->src\main\AndroidManifest.xml:28:13-73
45-->src\main\AndroidManifest.xml:28:23-70
46            </intent-filter>
47        </activity>
48        <activity android:name="com.facebook.react.devsupport.DevSettingsActivity" />
48-->src\main\AndroidManifest.xml:31:7-84
48-->src\main\AndroidManifest.xml:31:17-81
49
50        <provider
50-->[:react-native-webview] AndroidManifest.xml:12:9-20:20
51            android:name="com.reactnativecommunity.webview.RNCWebViewFileProvider"
51-->[:react-native-webview] AndroidManifest.xml:13:13-83
52            android:authorities="com.tcm.fileprovider"
52-->[:react-native-webview] AndroidManifest.xml:14:13-64
53            android:exported="false"
53-->[:react-native-webview] AndroidManifest.xml:15:13-37
54            android:grantUriPermissions="true" >
54-->[:react-native-webview] AndroidManifest.xml:16:13-47
55            <meta-data
55-->[:react-native-webview] AndroidManifest.xml:17:13-19:63
56                android:name="android.support.FILE_PROVIDER_PATHS"
56-->[:react-native-webview] AndroidManifest.xml:18:17-67
57                android:resource="@xml/file_provider_paths" />
57-->[:react-native-webview] AndroidManifest.xml:19:17-60
58        </provider>
59
60        <meta-data
60-->[com.github.bumptech.glide:okhttp3-integration:4.11.0] AndroidManifest.xml:11:9-13:43
61            android:name="com.bumptech.glide.integration.okhttp3.OkHttpGlideModule"
61-->[com.github.bumptech.glide:okhttp3-integration:4.11.0] AndroidManifest.xml:12:13-84
62            android:value="GlideModule" />
62-->[com.github.bumptech.glide:okhttp3-integration:4.11.0] AndroidManifest.xml:13:13-40
63    </application>
64
65</manifest>